<?xml version="1.0" encoding="UTF-8"?>
<!-- Generated by org.testng.reporters.JUnitXMLReporter -->
<testsuite hostname="irina-VAIO" name="Default test" tests="5" failures="0" timestamp="26 Jan 2015 01:24:38 GMT" time="142.667" errors="0">
  <testcase name="modifySomeGroup" time="5.666" classname="com.example.tests.GroupModificationTests"/>
  <testcase name="modifySomeGroup" time="2.979" classname="com.example.tests.GroupModificationTests"/>
  <testcase name="modifySomeGroup" time="2.531" classname="com.example.tests.GroupModificationTests"/>
  <testcase name="modifySomeGroup" time="2.916" classname="com.example.tests.GroupModificationTests"/>
  <testcase name="modifySomeGroup" time="3.951" classname="com.example.tests.GroupModificationTests"/>
</testsuite> <!-- Default test -->
